0 info it worked if it ends with ok
1 verbose cli [ '/usr/bin/nodejs', '/usr/bin/npm', 'start' ]
2 info using npm@3.5.2
3 info using node@v4.2.6
4 verbose run-script [ 'prestart', 'start', 'poststart' ]
5 info lifecycle teamform-seed@0.0.0~prestart: teamform-seed@0.0.0
6 verbose lifecycle teamform-seed@0.0.0~prestart: unsafe-perm in lifecycle true
7 verbose lifecycle teamform-seed@0.0.0~prestart: PATH: /usr/share/npm/bin/node-gyp-bin:/home/mark/workspace/teamform-seed/node_modules/.bin:/home/mark/bin:/home/mark/.local/bin:/usr/local/sbin:/usr/local/bin:/usr/sbin:/usr/bin:/sbin:/bin:/usr/games:/usr/local/games:/snap/bin
8 verbose lifecycle teamform-seed@0.0.0~prestart: CWD: /home/mark/workspace/teamform-seed
9 silly lifecycle teamform-seed@0.0.0~prestart: Args: [ '-c', 'npm install' ]
10 silly lifecycle teamform-seed@0.0.0~prestart: Returned: code: 0  signal: null
11 info lifecycle teamform-seed@0.0.0~start: teamform-seed@0.0.0
12 verbose lifecycle teamform-seed@0.0.0~start: unsafe-perm in lifecycle true
13 verbose lifecycle teamform-seed@0.0.0~start: PATH: /usr/share/npm/bin/node-gyp-bin:/home/mark/workspace/teamform-seed/node_modules/.bin:/home/mark/bin:/home/mark/.local/bin:/usr/local/sbin:/usr/local/bin:/usr/sbin:/usr/bin:/sbin:/bin:/usr/games:/usr/local/games:/snap/bin
14 verbose lifecycle teamform-seed@0.0.0~start: CWD: /home/mark/workspace/teamform-seed
15 silly lifecycle teamform-seed@0.0.0~start: Args: [ '-c', 'http-server -a localhost -p 8080 -c-1 ./app' ]
16 silly lifecycle teamform-seed@0.0.0~start: Returned: code: 1  signal: null
17 info lifecycle teamform-seed@0.0.0~start: Failed to exec start script
18 verbose stack Error: teamform-seed@0.0.0 start: `http-server -a localhost -p 8080 -c-1 ./app`
18 verbose stack Exit status 1
18 verbose stack     at EventEmitter.<anonymous> (/usr/share/npm/lib/utils/lifecycle.js:232:16)
18 verbose stack     at emitTwo (events.js:87:13)
18 verbose stack     at EventEmitter.emit (events.js:172:7)
18 verbose stack     at ChildProcess.<anonymous> (/usr/share/npm/lib/utils/spawn.js:24:14)
18 verbose stack     at emitTwo (events.js:87:13)
18 verbose stack     at ChildProcess.emit (events.js:172:7)
18 verbose stack     at maybeClose (internal/child_process.js:821:16)
18 verbose stack     at Process.ChildProcess._handle.onexit (internal/child_process.js:211:5)
19 verbose pkgid teamform-seed@0.0.0
20 verbose cwd /home/mark/workspace/teamform-seed
21 error Linux 4.4.0-47-generic
22 error argv "/usr/bin/nodejs" "/usr/bin/npm" "start"
23 error node v4.2.6
24 error npm  v3.5.2
25 error code ELIFECYCLE
26 error teamform-seed@0.0.0 start: `http-server -a localhost -p 8080 -c-1 ./app`
26 error Exit status 1
27 error Failed at the teamform-seed@0.0.0 start script 'http-server -a localhost -p 8080 -c-1 ./app'.
27 error Make sure you have the latest version of node.js and npm installed.
27 error If you do, this is most likely a problem with the teamform-seed package,
27 error not with npm itself.
27 error Tell the author that this fails on your system:
27 error     http-server -a localhost -p 8080 -c-1 ./app
27 error You can get information on how to open an issue for this project with:
27 error     npm bugs teamform-seed
27 error Or if that isn't available, you can get their info via:
27 error     npm owner ls teamform-seed
27 error There is likely additional logging output above.
28 verbose exit [ 1, true ]
